CRITICAL - 2021-12-08 07:53:49 --> Cannot use object of type stdClass as array
#0 /app/system/CodeIgniter.php(824): App\Controllers\Helloworld->comment()
#1 /app/system/CodeIgniter.php(410): CodeIgniter\CodeIgniter->runController()
#2 /app/system/CodeIgniter.php(318): CodeIgniter\CodeIgniter->handleRequest()
#3 /app/public/index.php(37): CodeIgniter\CodeIgniter->run()
#4 {main}
CRITICAL - 2021-12-08 07:54:12 --> syntax error, unexpected token "class"
#0 /app/system/Autoloader/Autoloader.php(241): CodeIgniter\Autoloader\Autoloader->includeFile()
#1 /app/system/Autoloader/Autoloader.php(219): CodeIgniter\Autoloader\Autoloader->loadInNamespace()
#2 [internal function]: CodeIgniter\Autoloader\Autoloader->loadClass()
#3 /app/system/CodeIgniter.php(789): class_exists()
#4 /app/system/CodeIgniter.php(397): CodeIgniter\CodeIgniter->startController()
#5 /app/system/CodeIgniter.php(318): CodeIgniter\CodeIgniter->handleRequest()
#6 /app/public/index.php(37): CodeIgniter\CodeIgniter->run()
#7 {main}
CRITICAL - 2021-12-08 07:54:40 --> syntax error, unexpected token "class"
#0 /app/system/Autoloader/Autoloader.php(241): CodeIgniter\Autoloader\Autoloader->includeFile()
#1 /app/system/Autoloader/Autoloader.php(219): CodeIgniter\Autoloader\Autoloader->loadInNamespace()
#2 [internal function]: CodeIgniter\Autoloader\Autoloader->loadClass()
#3 /app/system/CodeIgniter.php(789): class_exists()
#4 /app/system/CodeIgniter.php(397): CodeIgniter\CodeIgniter->startController()
#5 /app/system/CodeIgniter.php(318): CodeIgniter\CodeIgniter->handleRequest()
#6 /app/public/index.php(37): CodeIgniter\CodeIgniter->run()
#7 {main}
CRITICAL - 2021-12-08 07:54:50 --> syntax error, unexpected token "class"
#0 /app/system/Autoloader/Autoloader.php(241): CodeIgniter\Autoloader\Autoloader->includeFile()
#1 /app/system/Autoloader/Autoloader.php(219): CodeIgniter\Autoloader\Autoloader->loadInNamespace()
#2 [internal function]: CodeIgniter\Autoloader\Autoloader->loadClass()
#3 /app/system/CodeIgniter.php(789): class_exists()
#4 /app/system/CodeIgniter.php(397): CodeIgniter\CodeIgniter->startController()
#5 /app/system/CodeIgniter.php(318): CodeIgniter\CodeIgniter->handleRequest()
#6 /app/public/index.php(37): CodeIgniter\CodeIgniter->run()
#7 {main}
